<?xml version="1.0" encoding="UTF-8"?>
<!-- Generated by org.testng.reporters.JUnitReportReporter -->
<testsuite skipped="0" hostname="DESKTOP-VK3I9A9" name="Selenium_Training.ScrollPractice" tests="1" failures="0" timestamp="24 Aug 2019 23:25:50 GMT" time="21.530" errors="0">
  <testcase name="Login" time="21.530" classname="Selenium_Training.ScrollPractice"/>
</testsuite> <!-- Selenium_Training.ScrollPractice -->
