<?xml version="1.0" encoding="UTF-8"?>
<!-- Generated by org.testng.reporters.JUnitReportReporter -->
<testsuite skipped="0" hostname="DESKTOP-VK3I9A9" name="YahooHomePage.WikiTrials" tests="1" failures="0" timestamp="12 Aug 2019 01:33:45 GMT" time="10.842" errors="0">
  <testcase name="testImages" time="10.842" classname="YahooHomePage.WikiTrials"/>
</testsuite> <!-- YahooHomePage.WikiTrials -->
