<?xml version="1.0" encoding="UTF-8"?>
<!-- Generated by org.testng.reporters.JUnitReportReporter -->
<testsuite skipped="0" hostname="DESKTOP-VK3I9A9" name="testNG.TruTestNG" tests="1" failures="0" timestamp="13 Aug 2019 13:10:45 GMT" time="5.012" errors="0">
  <testcase name="testImages" time="5.012" classname="testNG.TruTestNG"/>
</testsuite> <!-- testNG.TruTestNG -->
