<?xml version="1.0" encoding="UTF-8"?>
<!-- Generated by org.testng.reporters.JUnitReportReporter -->
<testsuite skipped="0" hostname="DESKTOP-VK3I9A9" name="Selenium_Training.ScrollDownAndUp" tests="1" failures="0" timestamp="24 Aug 2019 23:38:41 GMT" time="15.057" errors="0">
  <testcase name="setUp" time="15.057" classname="Selenium_Training.ScrollDownAndUp"/>
</testsuite> <!-- Selenium_Training.ScrollDownAndUp -->
