<?xml version="1.0" encoding="UTF-8"?>
<!-- Generated by org.testng.reporters.JUnitReportReporter -->
<testsuite skipped="0" hostname="DESKTOP-VK3I9A9" name="datePicker.DatePickerOnGoIbido" tests="1" failures="0" timestamp="17 Aug 2019 19:45:59 GMT" time="15.183" errors="0">
  <testcase name="datePicker" time="15.183" classname="datePicker.DatePickerOnGoIbido"/>
</testsuite> <!-- datePicker.DatePickerOnGoIbido -->
