<?xml version="1.0" encoding="UTF-8"?>
<!-- Generated by org.testng.reporters.JUnitReportReporter -->
<testsuite skipped="0" hostname="DESKTOP-VK3I9A9" name="testNG.MozzillaaTestNG" tests="1" failures="0" timestamp="22 Jul 2019 23:00:50 GMT" time="95.929" errors="0">
  <testcase name="f" time="95.929" classname="testNG.MozzillaaTestNG"/>
</testsuite> <!-- testNG.MozzillaaTestNG -->
