<?xml version="1.0" encoding="UTF-8"?>
<!-- Generated by org.testng.reporters.JUnitReportReporter -->
<testsuite skipped="0" hostname="DESKTOP-VK3I9A9" name="truNarrativeTest.NewTruJUnit" tests="1" failures="0" timestamp="13 Aug 2019 11:39:18 GMT" time="0.024" errors="0">
  <testcase name="HomePage" time="0.024" classname="truNarrativeTest.NewTruJUnit"/>
</testsuite> <!-- truNarrativeTest.NewTruJUnit -->
