<?xml version="1.0" encoding="UTF-8"?>
<!-- Generated by org.testng.reporters.JUnitReportReporter -->
<testsuite skipped="0" hostname="DESKTOP-VK3I9A9" name="Selenium_Training.FacebookLoginForm" tests="1" failures="0" timestamp="23 Aug 2019 18:23:21 GMT" time="23.993" errors="0">
  <testcase name="Trial" time="23.993" classname="Selenium_Training.FacebookLoginForm"/>
</testsuite> <!-- Selenium_Training.FacebookLoginForm -->
